Determining if the pthread_create exist failed with the following output:
Change Dir: /home/olafurj/dev/OpenWorld/cmake-build-debug/CMakeFiles/CMakeTmp

Run Build Command:"/opt/rh/devtoolset-8/root/usr/bin/gmake" "cmTC_9b87d/fast"
/opt/rh/devtoolset-8/root/usr/bin/gmake -f CMakeFiles/cmTC_9b87d.dir/build.make CMakeFiles/cmTC_9b87d.dir/build
gmake[1]: Entering directory '/home/olafurj/dev/OpenWorld/cmake-build-debug/CMakeFiles/CMakeTmp'
Building C object CMakeFiles/cmTC_9b87d.dir/CheckSymbolExists.c.o
/opt/rh/devtoolset-8/root/usr/bin/cc    -o CMakeFiles/cmTC_9b87d.dir/CheckSymbolExists.c.o   -c /home/olafurj/dev/OpenWorld/cmake-build-debug/CMakeFiles/CMakeTmp/CheckSymbolExists.c
Linking C executable cmTC_9b87d
/usr/local/bin/cmake -E cmake_link_script CMakeFiles/cmTC_9b87d.dir/link.txt --verbose=1
/opt/rh/devtoolset-8/root/usr/bin/cc      CMakeFiles/cmTC_9b87d.dir/CheckSymbolExists.c.o  -o cmTC_9b87d 
CMakeFiles/cmTC_9b87d.dir/CheckSymbolExists.c.o: In function `main':
CheckSymbolExists.c:(.text+0x16): undefined reference to `pthread_create'
collect2: error: ld returned 1 exit status
gmake[1]: *** [CMakeFiles/cmTC_9b87d.dir/build.make:87: cmTC_9b87d] Error 1
gmake[1]: Leaving directory '/home/olafurj/dev/OpenWorld/cmake-build-debug/CMakeFiles/CMakeTmp'
gmake: *** [Makefile:126: cmTC_9b87d/fast] Error 2

File /home/olafurj/dev/OpenWorld/cmake-build-debug/CMakeFiles/CMakeTmp/CheckSymbolExists.c:
/* */
#include <pthread.h>

int main(int argc, char** argv)
{
  (void)argv;
#ifndef pthread_create
  return ((int*)(&pthread_create))[argc];
#else
  (void)argc;
  return 0;
#endif
}

Determining if the function pthread_create exists in the pthreads failed with the following output:
Change Dir: /home/olafurj/dev/OpenWorld/cmake-build-debug/CMakeFiles/CMakeTmp

Run Build Command:"/opt/rh/devtoolset-8/root/usr/bin/gmake" "cmTC_482ca/fast"
/opt/rh/devtoolset-8/root/usr/bin/gmake -f CMakeFiles/cmTC_482ca.dir/build.make CMakeFiles/cmTC_482ca.dir/build
gmake[1]: Entering directory '/home/olafurj/dev/OpenWorld/cmake-build-debug/CMakeFiles/CMakeTmp'
Building C object CMakeFiles/cmTC_482ca.dir/CheckFunctionExists.c.o
/opt/rh/devtoolset-8/root/usr/bin/cc   -DCHECK_FUNCTION_EXISTS=pthread_create   -o CMakeFiles/cmTC_482ca.dir/CheckFunctionExists.c.o   -c /usr/local/share/cmake-3.11/Modules/CheckFunctionExists.c
Linking C executable cmTC_482ca
/usr/local/bin/cmake -E cmake_link_script CMakeFiles/cmTC_482ca.dir/link.txt --verbose=1
/opt/rh/devtoolset-8/root/usr/bin/cc  -DCHECK_FUNCTION_EXISTS=pthread_create    CMakeFiles/cmTC_482ca.dir/CheckFunctionExists.c.o  -o cmTC_482ca -lpthreads 
/opt/rh/devtoolset-8/root/usr/libexec/gcc/x86_64-redhat-linux/8/ld: cannot find -lpthreads
collect2: error: ld returned 1 exit status
gmake[1]: *** [CMakeFiles/cmTC_482ca.dir/build.make:87: cmTC_482ca] Error 1
gmake[1]: Leaving directory '/home/olafurj/dev/OpenWorld/cmake-build-debug/CMakeFiles/CMakeTmp'
gmake: *** [Makefile:126: cmTC_482ca/fast] Error 2


