Determining if the pthread_create exist failed with the following output:
Change Dir: /home/olafurj/Dropbox/dev/OpenWorld/CMakeFiles/CMakeTmp

Run Build Command:"/usr/bin/gmake" "cmTC_1e4a6/fast"
/usr/bin/gmake -f CMakeFiles/cmTC_1e4a6.dir/build.make CMakeFiles/cmTC_1e4a6.dir/build
gmake[1]: Entering directory '/home/olafurj/Dropbox/dev/OpenWorld/CMakeFiles/CMakeTmp'
Building C object CMakeFiles/cmTC_1e4a6.dir/CheckSymbolExists.c.o
/usr/bin/cc    -o CMakeFiles/cmTC_1e4a6.dir/CheckSymbolExists.c.o   -c /home/olafurj/Dropbox/dev/OpenWorld/CMakeFiles/CMakeTmp/CheckSymbolExists.c
Linking C executable cmTC_1e4a6
/home/olafurj/Downloads/clion-2017.3.4/bin/cmake/bin/cmake -E cmake_link_script CMakeFiles/cmTC_1e4a6.dir/link.txt --verbose=1
/usr/bin/cc      CMakeFiles/cmTC_1e4a6.dir/CheckSymbolExists.c.o  -o cmTC_1e4a6 
CMakeFiles/cmTC_1e4a6.dir/CheckSymbolExists.c.o: In function `main':
CheckSymbolExists.c:(.text+0x16): undefined reference to `pthread_create'
collect2: error: ld returned 1 exit status
CMakeFiles/cmTC_1e4a6.dir/build.make:97: recipe for target 'cmTC_1e4a6' failed
gmake[1]: *** [cmTC_1e4a6] Error 1
gmake[1]: Leaving directory '/home/olafurj/Dropbox/dev/OpenWorld/CMakeFiles/CMakeTmp'
Makefile:126: recipe for target 'cmTC_1e4a6/fast' failed
gmake: *** [cmTC_1e4a6/fast] Error 2

File /home/olafurj/Dropbox/dev/OpenWorld/CMakeFiles/CMakeTmp/CheckSymbolExists.c:
/* */
#include <pthread.h>

int main(int argc, char** argv)
{
  (void)argv;
#ifndef pthread_create
  return ((int*)(&pthread_create))[argc];
#else
  (void)argc;
  return 0;
#endif
}

Determining if the function pthread_create exists in the pthreads failed with the following output:
Change Dir: /home/olafurj/Dropbox/dev/OpenWorld/CMakeFiles/CMakeTmp

Run Build Command:"/usr/bin/gmake" "cmTC_ae9cd/fast"
/usr/bin/gmake -f CMakeFiles/cmTC_ae9cd.dir/build.make CMakeFiles/cmTC_ae9cd.dir/build
gmake[1]: Entering directory '/home/olafurj/Dropbox/dev/OpenWorld/CMakeFiles/CMakeTmp'
Building C object CMakeFiles/cmTC_ae9cd.dir/CheckFunctionExists.c.o
/usr/bin/cc   -DCHECK_FUNCTION_EXISTS=pthread_create   -o CMakeFiles/cmTC_ae9cd.dir/CheckFunctionExists.c.o   -c /home/olafurj/Downloads/clion-2017.3.4/bin/cmake/share/cmake-3.9/Modules/CheckFunctionExists.c
Linking C executable cmTC_ae9cd
/home/olafurj/Downloads/clion-2017.3.4/bin/cmake/bin/cmake -E cmake_link_script CMakeFiles/cmTC_ae9cd.dir/link.txt --verbose=1
/usr/bin/cc  -DCHECK_FUNCTION_EXISTS=pthread_create    CMakeFiles/cmTC_ae9cd.dir/CheckFunctionExists.c.o  -o cmTC_ae9cd -lpthreads 
/usr/bin/ld: cannot find -lpthreads
collect2: error: ld returned 1 exit status
CMakeFiles/cmTC_ae9cd.dir/build.make:97: recipe for target 'cmTC_ae9cd' failed
gmake[1]: *** [cmTC_ae9cd] Error 1
gmake[1]: Leaving directory '/home/olafurj/Dropbox/dev/OpenWorld/CMakeFiles/CMakeTmp'
Makefile:126: recipe for target 'cmTC_ae9cd/fast' failed
gmake: *** [cmTC_ae9cd/fast] Error 2


